[13:22:03] [main/INFO]: Environment: authHost='https://authserver.mojang.com', accountsHost='https://api.mojang.com', sessionHost='https://sessionserver.mojang.com', servicesHost='https://api.minecraftservices.com', name='PROD'
[13:22:03] [main/INFO]: Reloading ResourceManager: Default, bukkit
[13:22:04] [Worker-Main-1/INFO]: Loaded 7 recipes
[13:22:06] [Server thread/INFO]: Starting minecraft server version 1.16.5
[13:22:06] [Server thread/INFO]: Loading properties
[13:22:06] [Server thread/INFO]: This server is running Paper version git-Paper-794 (MC: 1.16.5) (Implementing API version 1.16.5-R0.1-SNAPSHOT)
[13:22:06] [Server thread/INFO]: Debug logging is disabled
[13:22:06] [Server thread/INFO]: Server Ping Player Sample Count: 12
[13:22:06] [Server thread/INFO]: Using 4 threads for Netty based IO
[13:22:06] [Server thread/INFO]: Default game type: SURVIVAL
[13:22:06] [Server thread/INFO]: Generating keypair
[13:22:07] [Server thread/INFO]: Starting Minecraft server on *:25565
[13:22:07] [Server thread/INFO]: Using epoll channel type
[13:22:07] [Server thread/INFO]: Server permissions file permissions.yml is empty, ignoring it
[13:22:07] [Server thread/WARN]: **** SERVER IS RUNNING IN OFFLINE/INSECURE MODE!
[13:22:07] [Server thread/WARN]: The server will make no attempt to authenticate usernames. Beware.
[13:22:07] [Server thread/WARN]: While this makes the game possible to play without internet access, it also opens up the ability for hackers to connect with any username they choose.
[13:22:07] [Server thread/WARN]: To change this, set "online-mode" to "true" in the server.properties file.
[13:22:07] [Server thread/INFO]: Preparing level "world"
[13:22:07] [Server thread/INFO]: Preparing start region for dimension minecraft:overworld
[13:22:08] [Server thread/INFO]: Preparing spawn area: 0%
[13:22:08] [Server thread/INFO]: Preparing spawn area: 0%
[13:22:08] [Server thread/INFO]: Time elapsed: 644 ms
[13:22:08] [Server thread/INFO]: Preparing start region for dimension minecraft:the_nether
[13:22:09] [Server thread/INFO]: Preparing spawn area: 0%
[13:22:09] [Server thread/INFO]: Preparing spawn area: 0%
[13:22:09] [Server thread/INFO]: Preparing spawn area: 0%
[13:22:09] [Server thread/INFO]: Time elapsed: 1117 ms
[13:22:09] [Server thread/INFO]: Preparing start region for dimension minecraft:the_end
[13:22:13] [Server thread/INFO]: Preparing spawn area: 0%
[13:22:13] [Server thread/INFO]: Preparing spawn area: 0%
[13:22:13] [Server thread/INFO]: Preparing spawn area: 0%
[13:22:13] [Server thread/INFO]: Preparing spawn area: 0%
[13:22:13] [Server thread/INFO]: Preparing spawn area: 0%
[13:22:13] [Server thread/INFO]: Preparing spawn area: 0%
[13:22:13] [Server thread/INFO]: Preparing spawn area: 0%
[13:22:13] [Server thread/INFO]: Preparing spawn area: 0%
[13:22:13] [Server thread/INFO]: Preparing spawn area: 0%
[13:22:13] [Server thread/INFO]: Time elapsed: 4212 ms
[13:22:13] [Server thread/INFO]: Running delayed init tasks
[13:22:13] [Server thread/INFO]: Done (7.411s)! For help, type "help"
[13:22:13] [Server thread/WARN]: [io.papermc.paper.util.PaperJvmChecker] ************************************************************
[13:22:13] [Server thread/WARN]: [io.papermc.paper.util.PaperJvmChecker] * WARNING - YOU ARE RUNNING AN OUTDATED VERSION OF JAVA.
[13:22:13] [Server thread/WARN]: [io.papermc.paper.util.PaperJvmChecker] * PAPER WILL STOP BEING COMPATIBLE WITH THIS VERSION OF
[13:22:13] [Server thread/WARN]: [io.papermc.paper.util.PaperJvmChecker] * JAVA WHEN MINECRAFT 1.17 IS RELEASED.
[13:22:13] [Server thread/WARN]: [io.papermc.paper.util.PaperJvmChecker] *
[13:22:13] [Server thread/WARN]: [io.papermc.paper.util.PaperJvmChecker] * Please update the version of Java you use to run Paper
[13:22:13] [Server thread/WARN]: [io.papermc.paper.util.PaperJvmChecker] * to at least Java 16. When Paper for Minecraft 1.17 is
[13:22:13] [Server thread/WARN]: [io.papermc.paper.util.PaperJvmChecker] * released support for versions of Java before 16 will
[13:22:13] [Server thread/WARN]: [io.papermc.paper.util.PaperJvmChecker] * be dropped.
[13:22:13] [Server thread/WARN]: [io.papermc.paper.util.PaperJvmChecker] *
[13:22:13] [Server thread/WARN]: [io.papermc.paper.util.PaperJvmChecker] * Current Java version: 11.0.26
[13:22:13] [Server thread/WARN]: [io.papermc.paper.util.PaperJvmChecker] *
[13:22:13] [Server thread/WARN]: [io.papermc.paper.util.PaperJvmChecker] * Check this forum post for more information: 
[13:22:13] [Server thread/WARN]: [io.papermc.paper.util.PaperJvmChecker] *   https://papermc.io/java16
[13:22:13] [Server thread/WARN]: [io.papermc.paper.util.PaperJvmChecker] ************************************************************
[13:22:13] [Server thread/INFO]: Timings Reset
